Build started 12/9/2014 2:21:30 AM.
     1>Project "C:\Users\David\c_projects\KaleidogonProject\KaleidogonProject\KaleidogonProject.vcxproj" on node 2 (build target(s)).
     1>InitializeBuildStatus:
         Creating "Release\KaleidogonProject.unsuccessfulbuild" because "AlwaysCreate" was specified.
       ClCompile:
         All outputs are up-to-date.
         c:\Program Files\Microsoft Visual Studio 10.0\VC\bin\CL.exe /c /I"C:\Users\David\c_projects\SFML-2.1-windows-vc10-32bits\SFML-2.1\include" /Zi /nologo /W3 /WX- /O2 /Oi /Oy- /GL /D SFML_STATIC /D WIN32 /D NDEBUG /D _CONSOLE /D _UNICODE /D UNICODE /Gm- /EHsc /MD /GS /Gy /fp:precise /Zc:wchar_t /Zc:forScope /Yu"StdAfx.h" /Fp"Release\KaleidogonProject.pch" /Fo"Release\\" /Fd"Release\vc100.pdb" /Gd /TP /analyze- /errorReport:prompt kaleidogon.cpp
         kaleidogon.cpp
     1>kaleidogon.cpp(18): warning C4244: 'argument' : conversion from 'time_t' to 'unsigned int', possible loss of data
     1>kaleidogon.cpp(21): warning C4244: 'argument' : conversion from 'int' to 'float', possible loss of data
     1>kaleidogon.cpp(23): warning C4244: 'argument' : conversion from 'int' to 'float', possible loss of data
     1>kaleidogon.cpp(23): warning C4244: 'argument' : conversion from 'int' to 'float', possible loss of data
       Link:
         c:\Program Files\Microsoft Visual Studio 10.0\VC\bin\link.exe /ERRORREPORT:PROMPT /OUT:"C:\Users\David\c_projects\KaleidogonProject\Release\KaleidogonProject.exe" /INCREMENTAL:NO /NOLOGO /LIBPATH:"C:\Users\David\c_projects\SFML-2.1-windows-vc10-32bits\SFML-2.1\lib" "sfml-graphics-s.lib" "sfml-window-s.lib" "sfml-system-s.lib" kernel32.lib user32.lib gdi32.lib winspool.lib comdlg32.lib advapi32.lib shell32.lib ole32.lib oleaut32.lib uuid.lib odbc32.lib odbccp32.lib kernel32.lib user32.lib gdi32.lib winspool.lib comdlg32.lib advapi32.lib shell32.lib ole32.lib oleaut32.lib uuid.lib odbc32.lib odbccp32.lib /MANIFEST /ManifestFile:"Release\KaleidogonProject.exe.intermediate.manifest" /MANIFESTUAC:"level='asInvoker' uiAccess='false'" /DEBUG /PDB:"C:\Users\David\c_projects\KaleidogonProject\Release\KaleidogonProject.pdb" /SUBSYSTEM:CONSOLE /OPT:REF /OPT:ICF /LTCG /TLBID:1 /DYNAMICBASE /NXCOMPAT /IMPLIB:"C:\Users\David\c_projects\KaleidogonProject\Release\KaleidogonProject.lib" /MACHINE:X86 Release\canvas.obj
         Release\kaleidogon.obj
         Release\main.obj
         Release\stdafx.obj
         Generating code
         Finished generating code
         KaleidogonProject.vcxproj -> C:\Users\David\c_projects\KaleidogonProject\Release\KaleidogonProject.exe
       Manifest:
         C:\Program Files\Microsoft SDKs\Windows\v7.0A\bin\mt.exe /nologo /verbose /outputresource:"C:\Users\David\c_projects\KaleidogonProject\Release\KaleidogonProject.exe;#1" /manifest Release\KaleidogonProject.exe.intermediate.manifest
       FinalizeBuildStatus:
         Deleting file "Release\KaleidogonProject.unsuccessfulbuild".
         Touching "Release\KaleidogonProject.lastbuildstate".
     1>Done Building Project "C:\Users\David\c_projects\KaleidogonProject\KaleidogonProject\KaleidogonProject.vcxproj" (build target(s)).

Build succeeded.

Time Elapsed 00:00:01.34
